<?xml version="1.0" encoding="UTF-8"?>
<coverage generated="1757849839473" clover="3.2.0">
  <project timestamp="1757849839473" name="All files">
    <metrics statements="11" coveredstatements="7" conditionals="2" coveredconditionals="1" methods="5" coveredmethods="2" elements="18" coveredelements="10" complexity="0" loc="11" ncloc="11" packages="1" files="1" classes="1"/>
    <file name="App.jsx" path="C:\Users\sadat\OneDrive\Desktop\NonOD\Projects\AutoShip\frontend\Webclient\src\App.jsx">
      <metrics statements="11" coveredstatements="7" conditionals="2" coveredconditionals="1" methods="5" coveredmethods="2"/>
      <line num="9" count="2" type="stmt"/>
      <line num="11" count="2" type="stmt"/>
      <line num="12" count="2" type="stmt"/>
      <line num="14" count="2" type="stmt"/>
      <line num="15" count="2" type="stmt"/>
      <line num="17" count="0" type="stmt"/>
      <line num="20" count="0" type="stmt"/>
      <line num="21" count="0" type="stmt"/>
      <line num="25" count="2" type="stmt"/>
      <line num="27" count="2" type="stmt"/>
      <line num="42" count="0" type="stmt"/>
    </file>
  </project>
</coverage>
