{"C:\\Users\\sadat\\OneDrive\\Desktop\\NonOD\\Projects\\AutoShip\\frontend\\Webclient\\src\\App.jsx": {"path":"C:\\Users\\sadat\\OneDrive\\Desktop\\NonOD\\Projects\\AutoShip\\frontend\\Webclient\\src\\App.jsx","statementMap":{"0":{"start":{"line":9,"column":28},"end":{"line":9,"column":39}},"1":{"start":{"line":11,"column":27},"end":{"line":11,"column":39}},"2":{"start":{"line":12,"column":28},"end":{"line":12,"column":42}},"3":{"start":{"line":14,"column":2},"end":{"line":23,"column":7}},"4":{"start":{"line":15,"column":4},"end":{"line":22,"column":6}},"5":{"start":{"line":17,"column":6},"end":{"line":17,"column":37}},"6":{"start":{"line":20,"column":6},"end":{"line":20,"column":56}},"7":{"start":{"line":21,"column":6},"end":{"line":21,"column":43}},"8":{"start":{"line":25,"column":2},"end":{"line":25,"column":27}},"9":{"start":{"line":27,"column":2},"end":{"line":47,"column":3}},"10":{"start":{"line":42,"column":10},"end":{"line":42,"column":61}}},"fnMap":{"0":{"name":"App","decl":{"start":{"line":8,"column":9},"end":{"line":8,"column":12}},"loc":{"start":{"line":8,"column":15},"end":{"line":48,"column":1}},"line":8},"1":{"name":"(anonymous_1)","decl":{"start":{"line":14,"column":12},"end":{"line":14,"column":13}},"loc":{"start":{"line":14,"column":18},"end":{"line":23,"column":3}},"line":14},"2":{"name":"(anonymous_2)","decl":{"start":{"line":16,"column":10},"end":{"line":16,"column":11}},"loc":{"start":{"line":16,"column":24},"end":{"line":18,"column":5}},"line":16},"3":{"name":"(anonymous_3)","decl":{"start":{"line":19,"column":11},"end":{"line":19,"column":12}},"loc":{"start":{"line":19,"column":22},"end":{"line":22,"column":5}},"line":19},"4":{"name":"(anonymous_4)","decl":{"start":{"line":41,"column":18},"end":{"line":41,"column":19}},"loc":{"start":{"line":42,"column":10},"end":{"line":42,"column":61}},"line":42}},"branchMap":{"0":{"loc":{"start":{"line":39,"column":7},"end":{"line":39,"column":54}},"type":"binary-expr","locations":[{"start":{"line":39,"column":7},"end":{"line":39,"column":12}},{"start":{"line":39,"column":16},"end":{"line":39,"column":54}}],"line":39}},"s":{"0":2,"1":2,"2":2,"3":2,"4":2,"5":0,"6":0,"7":0,"8":2,"9":2,"10":0},"f":{"0":2,"1":2,"2":0,"3":0,"4":0},"b":{"0":[2,0]},"_coverageSchema":"1a1c01bbd47fc00a2c39e90264f33305004495a9","hash":"173bbe543e56a9ebf98a4552a7ef06b9a43024db"}
}
